<?xml version="1.0" encoding="UTF-8"?>
<!-- Generated by org.testng.reporters.JUnitReportReporter -->
<testsuite hostname="Valliani" name="testCases.VerifySearchPage" tests="1" failures="0" timestamp="6 Feb 2018 22:45:13 GMT" time="12.418" errors="0">
  <testcase name="startTest" time="12.418" classname="testCases.VerifySearchPage"/>
</testsuite> <!-- testCases.VerifySearchPage -->
