<?xml version="1.0" encoding="UTF-8"?>
<!-- Generated by org.testng.reporters.JUnitReportReporter -->
<testsuite hostname="Valliani" name="testCases.VerifySearchPage" tests="1" failures="0" timestamp="7 Feb 2018 03:30:12 GMT" time="16.422" errors="0">
  <testcase name="startTest" time="16.422" classname="testCases.VerifySearchPage"/>
</testsuite> <!-- testCases.VerifySearchPage -->
