<?xml version="1.0" encoding="UTF-8"?>
<!-- Generated by org.testng.reporters.JUnitReportReporter -->
<testsuite hostname="Valliani" name="testCases.VerifySearchPage" tests="1" failures="0" timestamp="7 Feb 2018 19:35:44 GMT" time="42.767" errors="0">
  <testcase name="startTest" time="42.767" classname="testCases.VerifySearchPage"/>
</testsuite> <!-- testCases.VerifySearchPage -->
