<?xml version="1.0" encoding="UTF-8"?>
<!-- Generated by org.testng.reporters.JUnitReportReporter -->
<testsuite hostname="Valliani" name="testCases.VerifySearchPage" tests="1" failures="0" timestamp="12 Feb 2018 18:40:04 GMT" time="15.370" errors="0">
  <testcase name="startTest" time="15.370" classname="testCases.VerifySearchPage"/>
</testsuite> <!-- testCases.VerifySearchPage -->
