<?xml version="1.0" encoding="UTF-8"?>
<!-- Generated by org.testng.reporters.JUnitReportReporter -->
<testsuite hostname="Valliani" name="testCases.VerifyHomePage" tests="1" failures="0" timestamp="5 Feb 2018 01:24:02 GMT" time="9.484" errors="0">
  <testcase name="startTest" time="9.484" classname="testCases.VerifyHomePage"/>
</testsuite> <!-- testCases.VerifyHomePage -->
