<?xml version="1.0" encoding="UTF-8"?>
<!-- Generated by org.testng.reporters.JUnitReportReporter -->
<testsuite hostname="Valliani" name="testCases.VerifyLogInPage" tests="1" failures="0" timestamp="12 Feb 2018 00:14:51 GMT" time="18.343" errors="0">
  <testcase name="startTest" time="18.343" classname="testCases.VerifyLogInPage"/>
</testsuite> <!-- testCases.VerifyLogInPage -->
