<?xml version="1.0" encoding="UTF-8"?>
<!-- Generated by org.testng.reporters.JUnitReportReporter -->
<testsuite hostname="Valliani" name="testCases.VerifyHomePage" tests="1" failures="0" timestamp="7 Feb 2018 22:33:40 GMT" time="17.845" errors="0">
  <testcase name="startTest" time="17.845" classname="testCases.VerifyHomePage"/>
</testsuite> <!-- testCases.VerifyHomePage -->
