<?xml version="1.0" encoding="UTF-8"?>
<!-- Generated by org.testng.reporters.JUnitReportReporter -->
<testsuite hostname="Valliani" name="testCases.VerifyHomePage" tests="1" failures="0" timestamp="5 Feb 2018 01:13:22 GMT" time="7.827" errors="0">
  <testcase name="startTest" time="7.827" classname="testCases.VerifyHomePage"/>
</testsuite> <!-- testCases.VerifyHomePage -->
