<?xml version="1.0" encoding="UTF-8"?>
<!-- Generated by org.testng.reporters.JUnitReportReporter -->
<testsuite hostname="Valliani" name="testCases.VerifyLogInPage" tests="1" failures="0" timestamp="11 Feb 2018 16:11:30 GMT" time="14.471" errors="0">
  <testcase name="startTest" time="14.471" classname="testCases.VerifyLogInPage"/>
</testsuite> <!-- testCases.VerifyLogInPage -->
