<?xml version="1.0" encoding="UTF-8"?>
<!-- Generated by org.testng.reporters.JUnitReportReporter -->
<testsuite hostname="Valliani" name="testCases.VerifyHomePage" tests="1" failures="0" timestamp="6 Feb 2018 22:45:13 GMT" time="19.740" errors="0">
  <testcase name="startTest" time="19.740" classname="testCases.VerifyHomePage"/>
</testsuite> <!-- testCases.VerifyHomePage -->
