<?xml version="1.0" encoding="UTF-8"?>
<!-- Generated by org.testng.reporters.JUnitReportReporter -->
<testsuite hostname="Valliani" name="testCases.VerifySearchPage" tests="1" failures="0" timestamp="6 Feb 2018 01:26:30 GMT" time="7.658" errors="0">
  <testcase name="startTest" time="7.658" classname="testCases.VerifySearchPage"/>
</testsuite> <!-- testCases.VerifySearchPage -->
