<?xml version="1.0" encoding="UTF-8"?>
<!-- Generated by org.testng.reporters.JUnitReportReporter -->
<testsuite hostname="Valliani" name="testCases.VerifyLoginPage" tests="1" failures="0" timestamp="12 Feb 2018 18:51:36 GMT" time="19.631" errors="0">
  <testcase name="startTest" time="19.631" classname="testCases.VerifyLoginPage"/>
</testsuite> <!-- testCases.VerifyLoginPage -->
